# JRE version: OpenJDK Runtime Environment Temurin-17.0.13+11 (17.0.13+11) (build 17.0.13+11)
# Java VM: OpenJDK 64-Bit Server VM Temurin-17.0.13+11 (17.0.13+11, mixed mode, tiered, compressed oops, compressed class ptrs, parallel gc, windows-amd64)
GC Precious Log:
 CPUs: 8 total, 8 available
 Memory: 16086M
 Large Page Support: Disabled
 NUMA Support: Disabled
 Compressed Oops: Enabled (32-bit)
 Alignments: Space 512K, Generation 512K, Heap 2M
 Heap Min Capacity: 100M
 Heap Initial Capacity: 100M
 Heap Max Capacity: 1G
 Pre-touch: Disabled
 Parallel Workers: 8
Heap:
 PSYoungGen      total 14336K, used 5827K [0x00000000eab00000, 0x00000000ebe80000, 0x0000000100000000)
  eden space 11776K, 30% used [0x00000000eab00000,0x00000000eae7b578,0x00000000eb680000)
  from space 2560K, 88% used [0x00000000eb680000,0x00000000eb8b5a80,0x00000000eb900000)
  to   space 4096K, 0% used [0x00000000eba80000,0x00000000eba80000,0x00000000ebe80000)
 ParOldGen       total 94208K, used 86513K [0x00000000c0000000, 0x00000000c5c00000, 0x00000000eab00000)
  object space 94208K, 91% used [0x00000000c0000000,0x00000000c547c7f0,0x00000000c5c00000)
 Metaspace       used 71187K, committed 72448K, reserved 1114112K
  class space    used 8088K, committed 8576K, reserved 1048576K
GC Heap History (20 events):
Event: 25.353 GC heap before
{Heap before GC invocations=42 (full 3):
 PSYoungGen      total 23040K, used 22853K [0x00000000eab00000, 0x00000000ec480000, 0x0000000100000000)
  eden space 20992K, 99% used [0x00000000eab00000,0x00000000ebf7ffd8,0x00000000ebf80000)
  from space 2048K, 90% used [0x00000000ec280000,0x00000000ec451678,0x00000000ec480000)
  to   space 2048K, 0% used [0x00000000ec080000,0x00000000ec080000,0x00000000ec280000)
 ParOldGen       total 68608K, used 65966K [0x00000000c0000000, 0x00000000c4300000, 0x00000000eab00000)
  object space 68608K, 96% used [0x00000000c0000000,0x00000000c406b930,0x00000000c4300000)
 Metaspace       used 68654K, committed 69824K, reserved 1114112K
  class space    used 7784K, committed 8256K, reserved 1048576K
}
Event: 25.360 GC heap after
{Heap after GC invocations=42 (full 3):
 PSYoungGen      total 23040K, used 2044K [0x00000000eab00000, 0x00000000ec980000, 0x0000000100000000)
  eden space 20992K, 0% used [0x00000000eab00000,0x00000000eab00000,0x00000000ebf80000)
  from space 2048K, 99% used [0x00000000ec080000,0x00000000ec27f328,0x00000000ec280000)
  to   space 5120K, 0% used [0x00000000ec480000,0x00000000ec480000,0x00000000ec980000)
 ParOldGen       total 68608K, used 68427K [0x00000000c0000000, 0x00000000c4300000, 0x00000000eab00000)
  object space 68608K, 99% used [0x00000000c0000000,0x00000000c42d2fc0,0x00000000c4300000)
 Metaspace       used 68654K, committed 69824K, reserved 1114112K
  class space    used 7784K, committed 8256K, reserved 1048576K
}
Event: 25.720 GC heap before
{Heap before GC invocations=43 (full 4):
 PSYoungGen      total 23040K, used 23036K [0x00000000eab00000, 0x00000000ec980000, 0x0000000100000000)
  eden space 20992K, 100% used [0x00000000eab00000,0x00000000ebf80000,0x00000000ebf80000)
  from space 2048K, 99% used [0x00000000ec080000,0x00000000ec27f328,0x00000000ec280000)
  to   space 5120K, 0% used [0x00000000ec480000,0x00000000ec480000,0x00000000ec980000)
 ParOldGen       total 68608K, used 68427K [0x00000000c0000000, 0x00000000c4300000, 0x00000000eab00000)
  object space 68608K, 99% used [0x00000000c0000000,0x00000000c42d2fc0,0x00000000c4300000)
 Metaspace       used 69550K, committed 70720K, reserved 1114112K
  class space    used 7896K, committed 8384K, reserved 1048576K
}
Event: 25.816 GC heap after
{Heap after GC invocations=43 (full 4):
 PSYoungGen      total 26112K, used 0K [0x00000000eab00000, 0x00000000ec980000, 0x0000000100000000)
  eden space 20992K, 0% used [0x00000000eab00000,0x00000000eab00000,0x00000000ebf80000)
  from space 5120K, 0% used [0x00000000ec480000,0x00000000ec480000,0x00000000ec980000)
  to   space 5120K, 0% used [0x00000000ebf80000,0x00000000ebf80000,0x00000000ec480000)
 ParOldGen       total 94208K, used 66205K [0x00000000c0000000, 0x00000000c5c00000, 0x00000000eab00000)
  object space 94208K, 70% used [0x00000000c0000000,0x00000000c40a7450,0x00000000c5c00000)
 Metaspace       used 69550K, committed 70720K, reserved 1114112K
  class space    used 7896K, committed 8384K, reserved 1048576K
}
Event: 26.465 GC heap before
{Heap before GC invocations=44 (full 4):
 PSYoungGen      total 26112K, used 20992K [0x00000000eab00000, 0x00000000ec980000, 0x0000000100000000)
  eden space 20992K, 100% used [0x00000000eab00000,0x00000000ebf80000,0x00000000ebf80000)
  from space 5120K, 0% used [0x00000000ec480000,0x00000000ec480000,0x00000000ec980000)
  to   space 5120K, 0% used [0x00000000ebf80000,0x00000000ebf80000,0x00000000ec480000)
 ParOldGen       total 94208K, used 66205K [0x00000000c0000000, 0x00000000c5c00000, 0x00000000eab00000)
  object space 94208K, 70% used [0x00000000c0000000,0x00000000c40a7450,0x00000000c5c00000)
 Metaspace       used 69933K, committed 71104K, reserved 1114112K
  class space    used 7944K, committed 8448K, reserved 1048576K
}
Event: 26.468 GC heap after
{Heap after GC invocations=44 (full 4):
 PSYoungGen      total 24064K, used 2599K [0x00000000eab00000, 0x00000000ec680000, 0x0000000100000000)
  eden space 20992K, 0% used [0x00000000eab00000,0x00000000eab00000,0x00000000ebf80000)
  from space 3072K, 84% used [0x00000000ebf80000,0x00000000ec209df8,0x00000000ec280000)
  to   space 3584K, 0% used [0x00000000ec300000,0x00000000ec300000,0x00000000ec680000)
 ParOldGen       total 94208K, used 66213K [0x00000000c0000000, 0x00000000c5c00000, 0x00000000eab00000)
  object space 94208K, 70% used [0x00000000c0000000,0x00000000c40a9450,0x00000000c5c00000)
 Metaspace       used 69933K, committed 71104K, reserved 1114112K
  class space    used 7944K, committed 8448K, reserved 1048576K
}
Event: 26.738 GC heap before
{Heap before GC invocations=45 (full 4):
 PSYoungGen      total 24064K, used 23591K [0x00000000eab00000, 0x00000000ec680000, 0x0000000100000000)
  eden space 20992K, 100% used [0x00000000eab00000,0x00000000ebf80000,0x00000000ebf80000)
  from space 3072K, 84% used [0x00000000ebf80000,0x00000000ec209df8,0x00000000ec280000)
  to   space 3584K, 0% used [0x00000000ec300000,0x00000000ec300000,0x00000000ec680000)
 ParOldGen       total 94208K, used 66213K [0x00000000c0000000, 0x00000000c5c00000, 0x00000000eab00000)
  object space 94208K, 70% used [0x00000000c0000000,0x00000000c40a9450,0x00000000c5c00000)
 Metaspace       used 69939K, committed 71104K, reserved 1114112K
  class space    used 7944K, committed 8448K, reserved 1048576K
}
Event: 26.743 GC heap after
{Heap after GC invocations=45 (full 4):
 PSYoungGen      total 22016K, used 3581K [0x00000000eab00000, 0x00000000ecb80000, 0x0000000100000000)
  eden space 18432K, 0% used [0x00000000eab00000,0x00000000eab00000,0x00000000ebd00000)
  from space 3584K, 99% used [0x00000000ec300000,0x00000000ec67f508,0x00000000ec680000)
  to   space 6144K, 0% used [0x00000000ebd00000,0x00000000ebd00000,0x00000000ec300000)
 ParOldGen       total 94208K, used 68221K [0x00000000c0000000, 0x00000000c5c00000, 0x00000000eab00000)
  object space 94208K, 72% used [0x00000000c0000000,0x00000000c429f500,0x00000000c5c00000)
 Metaspace       used 69939K, committed 71104K, reserved 1114112K
  class space    used 7944K, committed 8448K, reserved 1048576K
}
Event: 27.130 GC heap before
{Heap before GC invocations=46 (full 4):
 PSYoungGen      total 22016K, used 22013K [0x00000000eab00000, 0x00000000ecb80000, 0x0000000100000000)
  eden space 18432K, 100% used [0x00000000eab00000,0x00000000ebd00000,0x00000000ebd00000)
  from space 3584K, 99% used [0x00000000ec300000,0x00000000ec67f508,0x00000000ec680000)
  to   space 6144K, 0% used [0x00000000ebd00000,0x00000000ebd00000,0x00000000ec300000)
 ParOldGen       total 94208K, used 68221K [0x00000000c0000000, 0x00000000c5c00000, 0x00000000eab00000)
  object space 94208K, 72% used [0x00000000c0000000,0x00000000c429f500,0x00000000c5c00000)
 Metaspace       used 70014K, committed 71168K, reserved 1114112K
  class space    used 7948K, committed 8448K, reserved 1048576K
}
Event: 27.138 GC heap after
{Heap after GC invocations=46 (full 4):
 PSYoungGen      total 21504K, used 2909K [0x00000000eab00000, 0x00000000ec500000, 0x0000000100000000)
  eden space 18432K, 0% used [0x00000000eab00000,0x00000000eab00000,0x00000000ebd00000)
  from space 3072K, 94% used [0x00000000ebd00000,0x00000000ebfd7730,0x00000000ec000000)
  to   space 4096K, 0% used [0x00000000ec100000,0x00000000ec100000,0x00000000ec500000)
 ParOldGen       total 94208K, used 71773K [0x00000000c0000000, 0x00000000c5c00000, 0x00000000eab00000)
  object space 94208K, 76% used [0x00000000c0000000,0x00000000c46176e0,0x00000000c5c00000)
 Metaspace       used 70014K, committed 71168K, reserved 1114112K
  class space    used 7948K, committed 8448K, reserved 1048576K
}
Event: 27.671 GC heap before
{Heap before GC invocations=47 (full 4):
 PSYoungGen      total 21504K, used 21341K [0x00000000eab00000, 0x00000000ec500000, 0x0000000100000000)
  eden space 18432K, 100% used [0x00000000eab00000,0x00000000ebd00000,0x00000000ebd00000)
  from space 3072K, 94% used [0x00000000ebd00000,0x00000000ebfd7730,0x00000000ec000000)
  to   space 4096K, 0% used [0x00000000ec100000,0x00000000ec100000,0x00000000ec500000)
 ParOldGen       total 94208K, used 71773K [0x00000000c0000000, 0x00000000c5c00000, 0x00000000eab00000)
  object space 94208K, 76% used [0x00000000c0000000,0x00000000c46176e0,0x00000000c5c00000)
 Metaspace       used 70116K, committed 71296K, reserved 1114112K
  class space    used 7961K, committed 8448K, reserved 1048576K
}
Event: 27.675 GC heap after
{Heap after GC invocations=47 (full 4):
 PSYoungGen      total 20992K, used 4078K [0x00000000eab00000, 0x00000000ec800000, 0x0000000100000000)
  eden space 16896K, 0% used [0x00000000eab00000,0x00000000eab00000,0x00000000ebb80000)
  from space 4096K, 99% used [0x00000000ec100000,0x00000000ec4fb990,0x00000000ec500000)
  to   space 5632K, 0% used [0x00000000ebb80000,0x00000000ebb80000,0x00000000ec100000)
 ParOldGen       total 94208K, used 72677K [0x00000000c0000000, 0x00000000c5c00000, 0x00000000eab00000)
  object space 94208K, 77% used [0x00000000c0000000,0x00000000c46f9568,0x00000000c5c00000)
 Metaspace       used 70116K, committed 71296K, reserved 1114112K
  class space    used 7961K, committed 8448K, reserved 1048576K
}
Event: 28.596 GC heap before
{Heap before GC invocations=48 (full 4):
 PSYoungGen      total 20992K, used 20974K [0x00000000eab00000, 0x00000000ec800000, 0x0000000100000000)
  eden space 16896K, 100% used [0x00000000eab00000,0x00000000ebb80000,0x00000000ebb80000)
  from space 4096K, 99% used [0x00000000ec100000,0x00000000ec4fb990,0x00000000ec500000)
  to   space 5632K, 0% used [0x00000000ebb80000,0x00000000ebb80000,0x00000000ec100000)
 ParOldGen       total 94208K, used 72677K [0x00000000c0000000, 0x00000000c5c00000, 0x00000000eab00000)
  object space 94208K, 77% used [0x00000000c0000000,0x00000000c46f9568,0x00000000c5c00000)
 Metaspace       used 70119K, committed 71296K, reserved 1114112K
  class space    used 7962K, committed 8448K, reserved 1048576K
}
Event: 28.601 GC heap after
{Heap after GC invocations=48 (full 4):
 PSYoungGen      total 18432K, used 1175K [0x00000000eab00000, 0x00000000ec180000, 0x0000000100000000)
  eden space 16896K, 0% used [0x00000000eab00000,0x00000000eab00000,0x00000000ebb80000)
  from space 1536K, 76% used [0x00000000ebb80000,0x00000000ebca5d90,0x00000000ebd00000)
  to   space 3072K, 0% used [0x00000000ebe80000,0x00000000ebe80000,0x00000000ec180000)
 ParOldGen       total 94208K, used 76693K [0x00000000c0000000, 0x00000000c5c00000, 0x00000000eab00000)
  object space 94208K, 81% used [0x00000000c0000000,0x00000000c4ae57d8,0x00000000c5c00000)
 Metaspace       used 70119K, committed 71296K, reserved 1114112K
  class space    used 7962K, committed 8448K, reserved 1048576K
}
Event: 28.963 GC heap before
{Heap before GC invocations=49 (full 4):
 PSYoungGen      total 18432K, used 18071K [0x00000000eab00000, 0x00000000ec180000, 0x0000000100000000)
  eden space 16896K, 100% used [0x00000000eab00000,0x00000000ebb80000,0x00000000ebb80000)
  from space 1536K, 76% used [0x00000000ebb80000,0x00000000ebca5d90,0x00000000ebd00000)
  to   space 3072K, 0% used [0x00000000ebe80000,0x00000000ebe80000,0x00000000ec180000)
 ParOldGen       total 94208K, used 76693K [0x00000000c0000000, 0x00000000c5c00000, 0x00000000eab00000)
  object space 94208K, 81% used [0x00000000c0000000,0x00000000c4ae57d8,0x00000000c5c00000)
 Metaspace       used 70141K, committed 71360K, reserved 1114112K
  class space    used 7965K, committed 8448K, reserved 1048576K
}
Event: 28.968 GC heap after
{Heap after GC invocations=49 (full 4):
 PSYoungGen      total 17920K, used 3064K [0x00000000eab00000, 0x00000000ec580000, 0x0000000100000000)
  eden space 14848K, 0% used [0x00000000eab00000,0x00000000eab00000,0x00000000eb980000)
  from space 3072K, 99% used [0x00000000ebe80000,0x00000000ec17e150,0x00000000ec180000)
  to   space 5120K, 0% used [0x00000000eb980000,0x00000000eb980000,0x00000000ebe80000)
 ParOldGen       total 94208K, used 77733K [0x00000000c0000000, 0x00000000c5c00000, 0x00000000eab00000)
  object space 94208K, 82% used [0x00000000c0000000,0x00000000c4be94d0,0x00000000c5c00000)
 Metaspace       used 70141K, committed 71360K, reserved 1114112K
  class space    used 7965K, committed 8448K, reserved 1048576K
}
Event: 29.105 GC heap before
{Heap before GC invocations=50 (full 4):
 PSYoungGen      total 17920K, used 17911K [0x00000000eab00000, 0x00000000ec580000, 0x0000000100000000)
  eden space 14848K, 99% used [0x00000000eab00000,0x00000000eb97fd70,0x00000000eb980000)
  from space 3072K, 99% used [0x00000000ebe80000,0x00000000ec17e150,0x00000000ec180000)
  to   space 5120K, 0% used [0x00000000eb980000,0x00000000eb980000,0x00000000ebe80000)
 ParOldGen       total 94208K, used 77733K [0x00000000c0000000, 0x00000000c5c00000, 0x00000000eab00000)
  object space 94208K, 82% used [0x00000000c0000000,0x00000000c4be94d0,0x00000000c5c00000)
 Metaspace       used 70306K, committed 71488K, reserved 1114112K
  class space    used 7983K, committed 8448K, reserved 1048576K
}
Event: 29.112 GC heap after
{Heap after GC invocations=50 (full 4):
 PSYoungGen      total 18432K, used 3279K [0x00000000eab00000, 0x00000000ec080000, 0x0000000100000000)
  eden space 14848K, 0% used [0x00000000eab00000,0x00000000eab00000,0x00000000eb980000)
  from space 3584K, 91% used [0x00000000eb980000,0x00000000ebcb3f58,0x00000000ebd00000)
  to   space 3584K, 0% used [0x00000000ebd00000,0x00000000ebd00000,0x00000000ec080000)
 ParOldGen       total 94208K, used 80670K [0x00000000c0000000, 0x00000000c5c00000, 0x00000000eab00000)
  object space 94208K, 85% used [0x00000000c0000000,0x00000000c4ec7be0,0x00000000c5c00000)
 Metaspace       used 70306K, committed 71488K, reserved 1114112K
  class space    used 7983K, committed 8448K, reserved 1048576K
}
Event: 29.284 GC heap before
{Heap before GC invocations=51 (full 4):
 PSYoungGen      total 18432K, used 18127K [0x00000000eab00000, 0x00000000ec080000, 0x0000000100000000)
  eden space 14848K, 100% used [0x00000000eab00000,0x00000000eb980000,0x00000000eb980000)
  from space 3584K, 91% used [0x00000000eb980000,0x00000000ebcb3f58,0x00000000ebd00000)
  to   space 3584K, 0% used [0x00000000ebd00000,0x00000000ebd00000,0x00000000ec080000)
 ParOldGen       total 94208K, used 80670K [0x00000000c0000000, 0x00000000c5c00000, 0x00000000eab00000)
  object space 94208K, 85% used [0x00000000c0000000,0x00000000c4ec7be0,0x00000000c5c00000)
 Metaspace       used 70683K, committed 71872K, reserved 1114112K
  class space    used 8020K, committed 8512K, reserved 1048576K
}
Event: 29.289 GC heap after
{Heap after GC invocations=51 (full 4):
 PSYoungGen      total 15360K, used 3578K [0x00000000eab00000, 0x00000000ec680000, 0x0000000100000000)
  eden space 11776K, 0% used [0x00000000eab00000,0x00000000eab00000,0x00000000eb680000)
  from space 3584K, 99% used [0x00000000ebd00000,0x00000000ec07eae0,0x00000000ec080000)
  to   space 6656K, 0% used [0x00000000eb680000,0x00000000eb680000,0x00000000ebd00000)
 ParOldGen       total 94208K, used 83064K [0x00000000c0000000, 0x00000000c5c00000, 0x00000000eab00000)
  object space 94208K, 88% used [0x00000000c0000000,0x00000000c511e028,0x00000000c5c00000)
 Metaspace       used 70683K, committed 71872K, reserved 1114112K
  class space    used 8020K, committed 8512K, reserved 1048576K
}

